<?xml version="1.0" encoding="UTF-8"?>
<!-- Generated by org.testng.reporters.JUnitXMLReporter -->
<testsuite hostname="NIS-PC093" name="Nopackage" tests="9" failures="4" timestamp="10 Aug 2017 06:51:14 GMT" time="343.433" errors="0">
  <testcase name="checkvalidRegistration" time="40.044" classname="Test.Register">
    <failure type="junit.framework.ComparisonFailure" message="expected:&amp;lt;[Please enter email address].&amp;gt; but was:&amp;lt;[An Account activation link has been sent to %@. Please check your Spam folder too].&amp;gt;">
      <![CDATA[junit.framework.ComparisonFailure: expected:<[Please enter email address].> but was:<[An Account activation link has been sent to %@. Please check your Spam folder too].>
	at junit.framework.Assert.assertEquals(Assert.java:100)
	at junit.framework.Assert.assertEquals(Assert.java:107)
	at Test.Register.checkvalidRegistration(Register.java:100)
... Removed 24 stack frames]]>
    </failure>
  </testcase> <!-- checkvalidRegistration -->
  <testcase name="nickNamevalidation" time="84.023" classname="Test.Register">
    <failure type="junit.framework.ComparisonFailure" message="expected:&amp;lt;...lease enter Nickname[]&amp;gt; but was:&amp;lt;...lease enter Nickname[.]&amp;gt;">
      <![CDATA[junit.framework.ComparisonFailure: expected:<...lease enter Nickname[]> but was:<...lease enter Nickname[.]>
	at junit.framework.Assert.assertEquals(Assert.java:100)
	at junit.framework.Assert.assertEquals(Assert.java:107)
	at Test.Register.nickNamevalidation(Register.java:135)
... Removed 24 stack frames]]>
    </failure>
  </testcase> <!-- nickNamevalidation -->
  <testcase name="verifyExistingNickNamevalidation" time="34.914" classname="Test.Register">
    <failure type="junit.framework.ComparisonFailure" message="expected:&amp;lt;[nickname already exist. Please try with different Nickname.]&amp;gt; but was:&amp;lt;[This email address already exists]&amp;gt;">
      <![CDATA[junit.framework.ComparisonFailure: expected:<[nickname already exist. Please try with different Nickname.]> but was:<[This email address already exists]>
	at junit.framework.Assert.assertEquals(Assert.java:100)
	at junit.framework.Assert.assertEquals(Assert.java:107)
	at Test.Register.verifyExistingNickNamevalidation(Register.java:154)
... Removed 24 stack frames]]>
    </failure>
  </testcase> <!-- verifyExistingNickNamevalidation -->
  <testcase name="verifyExistingEmailIDValidation" time="65.957" classname="Test.Register">
    <failure type="junit.framework.ComparisonFailure" message="expected:&amp;lt;...dress already exists[.]&amp;gt; but was:&amp;lt;...dress already exists[]&amp;gt;">
      <![CDATA[junit.framework.ComparisonFailure: expected:<...dress already exists[.]> but was:<...dress already exists[]>
	at junit.framework.Assert.assertEquals(Assert.java:100)
	at junit.framework.Assert.assertEquals(Assert.java:107)
	at Test.Register.verifyExistingEmailIDValidation(Register.java:174)
... Removed 24 stack frames]]>
    </failure>
  </testcase> <!-- verifyExistingEmailIDValidation -->
  <testcase name="verifyEmptyEmailIdFiels" time="27.23" classname="Test.Register"/>
  <testcase name="invalidEmailIdvalidationError" time="24.332" classname="Test.Register"/>
  <testcase name="genderValidation" time="44.195" classname="Test.Register"/>
  <testcase name="agevalidationError" time="12.528" classname="Test.Register"/>
  <testcase name="passwordError" time="10.153" classname="Test.Register"/>
</testsuite> <!-- Nopackage -->
