<?xml version="1.0" encoding="UTF-8"?>
<testng-results skipped="0" failed="0" total="0" passed="0">
  <reporter-output>
  </reporter-output>
  <suite name="Suite1" duration-ms="7" started-at="2017-08-17T12:45:15Z" finished-at="2017-08-17T12:45:15Z">
    <groups>
    </groups>
    <test name="Nopackage" duration-ms="7" started-at="2017-08-17T12:45:15Z" finished-at="2017-08-17T12:45:15Z">
      <class name="BasePackage.DriverClass">
        <test-method status="PASS" signature="launnApplication()[pri:0, instance:BasePackage.DriverClass@d8355a8]" name="launnApplication" is-config="true" duration-ms="16825" started-at="2017-08-17T18:14:58Z" finished-at="2017-08-17T18:15:15Z">
          <reporter-output>
          </reporter-output>
        </test-method> <!-- launnApplication -->
        <test-method status="PASS" signature="closeApplication()[pri:0, instance:BasePackage.DriverClass@d8355a8]" name="closeApplication" is-config="true" duration-ms="1012" started-at="2017-08-17T18:15:15Z" finished-at="2017-08-17T18:15:16Z">
          <reporter-output>
          </reporter-output>
        </test-method> <!-- closeApplication -->
      </class> <!-- BasePackage.DriverClass -->
    </test> <!-- Nopackage -->
  </suite> <!-- Suite1 -->
</testng-results>
